                                                                            D-MEM Bus &
Cycle:      IF      |     ID      |     EX      |     MEM     |     WB      Reg Result
    0:    4:addi    |   0:-       |   0:-       |   0:-       |   0:-       BUS_LOAD  MEM[0] accepted 1
    1:    8:lui     |   4:addi    |   0:-       |   0:-       |   0:-       BUS_LOAD  MEM[0] accepted 1
    2:   12:addi    |   8:lui     |   4:addi    |   0:-       |   0:-       BUS_LOAD  MEM[8] accepted 1
    3:   16:addi    |  12:addi    |   8:lui     |   4:addi    |   0:-       BUS_LOAD  MEM[8] accepted 1
    4:   20:lui     |  16:addi    |  12:addi    |   8:lui     |   4:addi    r10=0  BUS_LOAD  MEM[16] accepted 1
    5:   24:addi    |  20:lui     |  16:addi    |  12:addi    |   8:lui     r11=12288  BUS_LOAD  MEM[16] accepted 1
    6:   28:sw      |  24:addi    |  20:lui     |  16:addi    |  12:addi    r11=12314  BUS_LOAD  MEM[24] accepted 1
    7:   32:lw      |  28:sw      |  24:addi    |  20:lui     |  16:addi    r12=342  BUS_LOAD  MEM[24] accepted 1
    8:   36:sub     |  32:lw      |  28:sw      |  24:addi    |  20:lui     r2=4096  BUS_LOAD  MEM[32] accepted 1
    9:   40:-       |  36:sub     |  32:lw      |  28:sw      |  24:addi    r2=2048  BUS_STORE MEM[2048] = 12314 accepted 1
   10:   40:-       |  36:sub     |   0:-       |  32:lw      |  28:sw      BUS_LOAD  MEM[2048] accepted 1
   11:   40:nop     |  40:-       |  36:sub     |   0:-       |  32:lw      r10=12314  BUS_LOAD  MEM[32] accepted 1
   12:   44:nop     |  40:nop     |  40:-       |  36:sub     |   0:-       BUS_LOAD  MEM[40] accepted 1
   13:   48:wfi     |  44:nop     |  40:nop     |  40:-       |  36:sub     r10=-11972  BUS_LOAD  MEM[40] accepted 1
   14:   52:invalid |  48:wfi     |  44:nop     |  40:nop     |  40:-       BUS_LOAD  MEM[48] accepted 1
   15:   56:invalid |  52:invalid |  48:wfi     |  44:nop     |  40:nop     BUS_LOAD  MEM[48] accepted 1
   16:   60:invalid |  56:invalid |  52:-       |  48:wfi     |  44:nop     BUS_LOAD  MEM[56] accepted 1
   17:   64:invalid |  60:invalid |  56:-       |  52:-       |  48:wfi     BUS_LOAD  MEM[56] accepted 1
