Chronologic VCS simulator copyright 1991-2017
Contains Synopsys proprietary information.
Compiler version N-2017.12-SP2-1_Full64; Runtime version N-2017.12-SP2-1_Full64;  Oct  4 15:49 2020
VCD+ Writer N-2017.12-SP2-1_Full64 Copyright (c) 1991-2017 by Synopsys Inc.
@@
@@
@@                     0  Asserting System reset......
@@
@@                     0 : System STILL at reset, can't show anything
@@
@@
@@                   100 : System STILL at reset, can't show anything
@@
@@
@@                   200 : System STILL at reset, can't show anything
@@
@@
@@                   300 : System STILL at reset, can't show anything
@@
@@                   360  Deasserting System reset......
@@
@@
@@@ Unified Memory contents hex on left, decimal on right: 
@@@
@@@ mem[    0] = 000000130900006f : 81755373679
@@@ mem[    8] = 0000000000000001 : 1
@@@ mem[   16] = 0000000000000001 : 1
@@@ mem[   24] = 0000000000000002 : 2
@@@ mem[   32] = 0000000000000003 : 3
@@@ mem[   40] = 0000000000000003 : 3
@@@ mem[   48] = 0000000000000003 : 3
@@@ mem[   56] = 0000000000000004 : 4
@@@ mem[   64] = 0000000000000005 : 5
@@@ mem[   72] = 0000000000000005 : 5
@@@ mem[   80] = 0000000000000005 : 5
@@@ mem[   88] = 0000000000000006 : 6
@@@ mem[   96] = 0000000000000007 : 7
@@@ mem[  104] = 0000000000000008 : 8
@@@ mem[  112] = 0000000000000009 : 9
@@@ mem[  120] = 0000000000000009 : 9
@@@ mem[  128] = 0000000000000009 : 9
@@@ mem[  136] = 0000001300000013 : 81604378643
@@@ mem[  144] = 0100051300100313 : 72063173201494803
@@@ mem[  152] = 0003039300052203 : 848354825544195
@@@ mem[  160] = ff8a099300050a13 : 18413540553422866963
@@@ mem[  168] = 000a28030009a783 : 2858743117752195
@@@ mem[  176] = 00061e630047b633 : 1722260415559219
@@@ mem[  184] = ff89899300fa2023 : 18413399815950573603
@@@ mem[  192] = fff38393ff8a0a13 : 18443229570682980883
@@@ mem[  200] = fddff06f00038463 : 18293604570934510691
@@@ mem[  208] = 00850513004a2023 : 37441751069892643
@@@ mem[  216] = 0103359300130313 : 72960924445770515
@@@ mem[  224] = 10500073fa059ce3 : 1175440000859610339
@@@
@@@
@@                299820 : System halted
@@
@@@ System halted on WFI instruction
@@@
@@
@@  2995 cycles / 598 instrs = 5.008361 CPI
@@
@@  29940.00 ns total time to execute
@@

$finish called from file "testbench/testbench.sv", line 267.
$finish at simulation time               300820
           V C S   S i m u l a t i o n   R e p o r t 
Time: 30082000 ps
CPU Time:      0.430 seconds;       Data structure size:   0.2Mb
Sun Oct  4 15:49:39 2020
